[debug] [2022-05-20T12:38:52.490Z] ----------------------------------------------------------------------
[debug] [2022-05-20T12:38:52.492Z] Command:       C:\Program Files\nodejs\node.exe C:\Users\sai\AppData\Roaming\npm\node_modules\firebase-tools\lib\bin\firebase.js init
[debug] [2022-05-20T12:38:52.493Z] CLI Version:   11.0.0
[debug] [2022-05-20T12:38:52.493Z] Platform:      win32
[debug] [2022-05-20T12:38:52.493Z] Node Version:  v16.14.2
[debug] [2022-05-20T12:38:52.500Z] Time:          Fri May 20 2022 18:08:52 GMT+0530 (India Standard Time)
[debug] [2022-05-20T12:38:52.501Z] ----------------------------------------------------------------------
[debug] 
[debug] [2022-05-20T12:38:52.577Z] > command requires scopes: ["email","openid","https://www.googleapis.com/auth/cloudplatformprojects.readonly","https://www.googleapis.com/auth/firebase","https://www.googleapis.com/auth/cloud-platform"]
[debug] [2022-05-20T12:38:52.578Z] > authorizing via signed-in user (rahul.mimani.cd.mec20@itbhu.ac.in)
[info] 
     ######## #### ########  ######## ########     ###     ######  ########
     ##        ##  ##     ## ##       ##     ##  ##   ##  ##       ##
     ######    ##  ########  ######   ########  #########  ######  ######
     ##        ##  ##    ##  ##       ##     ## ##     ##       ## ##
     ##       #### ##     ## ######## ########  ##     ##  ######  ########

You're about to initialize a Firebase project in this directory:

  C:\Users\sai\Desktop\pharma\pharm-store

Before we get started, keep in mind:

  * You are initializing within an existing Firebase project directory

[info] 
=== Project Setup
[info] 
[info] First, let's associate this project directory with a Firebase project.
[info] You can create multiple project aliases by running firebase use --add, 
[info] but for now we'll just set up a default project.
[info] 
[debug] [2022-05-20T12:39:08.455Z] Using project from CLI flag: pharmstorebareillly
[debug] [2022-05-20T12:39:08.460Z] >>> [apiv2][query] GET https://firebase.googleapis.com/v1beta1/projects/pharmstorebareillly [none]
[debug] [2022-05-20T12:39:09.077Z] <<< [apiv2][status] GET https://firebase.googleapis.com/v1beta1/projects/pharmstorebareillly 200
[debug] [2022-05-20T12:39:09.077Z] <<< [apiv2][body] GET https://firebase.googleapis.com/v1beta1/projects/pharmstorebareillly {"projectId":"pharmstorebareillly","projectNumber":"282677355956","displayName":"pharmStore","name":"projects/pharmstorebareillly","resources":{"hostingSite":"pharmstorebareillly"},"state":"ACTIVE"}
[info] i  Using project pharmstorebareillly (pharmStore) 
[info] 
=== Hosting Setup
[info] 
[info] Your public directory is the folder (relative to your project directory) that
[info] will contain Hosting assets to be uploaded with firebase deploy. If you
[info] have a build process for your assets, use your build's output directory.
[info] 
[info] +  Wrote public/404.html 
[debug] [2022-05-20T12:39:32.520Z] >>> [apiv2][query] GET https://www.gstatic.com/firebasejs/releases.json [none]
[debug] [2022-05-20T12:39:32.733Z] <<< [apiv2][status] GET https://www.gstatic.com/firebasejs/releases.json 200
[debug] [2022-05-20T12:39:32.733Z] <<< [apiv2][body] GET https://www.gstatic.com/firebasejs/releases.json {"current":{"version":"9.8.1","browserURL":"https://www.gstatic.com/firebasejs/9.8.1/firebase.js","packageURL":"https://www.gstatic.com/firebasejs/9.8.1/firebase.tgz"},"live":{"version":"9.8","browserURL":"https://www.gstatic.com/firebasejs/live/9.8/firebase.js","packageURL":"https://www.gstatic.com/firebasejs/live/9.8/firebase.tgz"},"components":{"analytics":"https://www.gstatic.com/firebasejs/9.8.1/firebase-analytics.js","app":"https://www.gstatic.com/firebasejs/9.8.1/firebase-app.js","app-check":"https://www.gstatic.com/firebasejs/9.8.1/firebase-app-check.js","auth":"https://www.gstatic.com/firebasejs/9.8.1/firebase-auth.js","auth/cordova":"https://www.gstatic.com/firebasejs/9.8.1/firebase-auth/cordova.js","auth/react-native":"https://www.gstatic.com/firebasejs/9.8.1/firebase-auth/react-native.js","functions":"https://www.gstatic.com/firebasejs/9.8.1/firebase-functions.js","firestore":"https://www.gstatic.com/firebasejs/9.8.1/firebase-firestore.js","firestore/lite":"https://www.gstatic.com/firebasejs/9.8.1/firebase-firestore/lite.js","storage":"https://www.gstatic.com/firebasejs/9.8.1/firebase-storage.js","performance":"https://www.gstatic.com/firebasejs/9.8.1/firebase-performance.js","remote-config":"https://www.gstatic.com/firebasejs/9.8.1/firebase-remote-config.js","messaging":"https://www.gstatic.com/firebasejs/9.8.1/firebase-messaging.js","messaging/sw":"https://www.gstatic.com/firebasejs/9.8.1/firebase-messaging/sw.js","database":"https://www.gstatic.com/firebasejs/9.8.1/firebase-database.js","firestore.memory":"https://www.gstatic.com/firebasejs/9.8.1/firebase-firestore.memory.js"}}
[info] +  Wrote public/index.html 
[info] 
[info] i  Detected a .git folder at C:\Users\sai\Desktop\pharma\pharm-store 
[info] i  Authorizing with GitHub to upload your service account to a GitHub repository's secrets store. 
[info] 
[info] Visit this URL on this device to log in:
[info] https://github.com/login/oauth/authorize?client_id=89cf50f02ac6aaed3484&state=548953001&redirect_uri=http%3A%2F%2Flocalhost%3A9005&scope=read%3Auser%20repo%20public_repo
[info] 
[info] Waiting for authentication...
[debug] [2022-05-20T12:39:57.361Z] >>> HTTP REQUEST POST https://github.com/login/oauth/access_token  
 {"client_id":"89cf50f02ac6aaed3484","client_secret":"3330d14abc895d9a74d5f17cd7a00711fa2c5bf0","code":"8b621d51f27d53cf484e","redirect_uri":"http://localhost:9005","state":"548953001"}
[debug] [2022-05-20T12:39:57.792Z] <<< HTTP RESPONSE 200 {"server":"GitHub.com","date":"Fri, 20 May 2022 12:39:58 GMT","content-type":"application/json; charset=utf-8","transfer-encoding":"chunked","vary":"X-PJAX, X-PJAX-Container, Turbo-Visit, Turbo-Frame, Accept-Encoding, Accept, X-Requested-With","permissions-policy":"interest-cohort=()","etag":"W/\"577b96aac10076dfab1853146de3b7e8\"","cache-control":"max-age=0, private, must-revalidate","strict-transport-security":"max-age=31536000; includeSubdomains; preload","x-frame-options":"deny","x-content-type-options":"nosniff","x-xss-protection":"0","referrer-policy":"origin-when-cross-origin, strict-origin-when-cross-origin","expect-ct":"max-age=2592000, report-uri=\"https://api.github.com/_private/browser/errors\"","content-security-policy":"default-src 'none'; base-uri 'self'; block-all-mixed-content; child-src github.com/assets-cdn/worker/ gist.github.com/assets-cdn/worker/; connect-src 'self' uploads.github.com objects-origin.githubusercontent.com www.githubstatus.com collector.github.com raw.githubusercontent.com api.github.com github-cloud.s3.amazonaws.com github-production-repository-file-5c1aeb.s3.amazonaws.com github-production-upload-manifest-file-7fdce7.s3.amazonaws.com github-production-user-asset-6210df.s3.amazonaws.com cdn.optimizely.com logx.optimizely.com/v1/events translator.github.com *.actions.githubusercontent.com wss://*.actions.githubusercontent.com online.visualstudio.com/api/v1/locations github-production-repository-image-32fea6.s3.amazonaws.com github-production-release-asset-2e65be.s3.amazonaws.com insights.github.com wss://alive.github.com; font-src github.githubassets.com; form-action 'self' github.com gist.github.com objects-origin.githubusercontent.com; frame-ancestors 'none'; frame-src render.githubusercontent.com viewscreen.githubusercontent.com notebooks.githubusercontent.com; img-src 'self' data: github.githubassets.com identicons.github.com github-cloud.s3.amazonaws.com secured-user-images.githubusercontent.com/ *.githubusercontent.com; manifest-src 'self'; media-src github.com user-images.githubusercontent.com/; script-src github.githubassets.com; style-src 'unsafe-inline' github.githubassets.com; worker-src github.com/assets-cdn/worker/ gist.github.com/assets-cdn/worker/","x-github-request-id":"FD36:3D0A:3939C:53BCB:62878C1D"}
[debug] [2022-05-20T12:39:57.873Z] >>> [apiv2][query] GET https://api.github.com/user [none]
[debug] [2022-05-20T12:39:58.344Z] <<< [apiv2][status] GET https://api.github.com/user 200
[debug] [2022-05-20T12:39:58.344Z] <<< [apiv2][body] GET https://api.github.com/user {"login":"RahulMimani-2024","id":93040444,"node_id":"U_kgDOBYuvPA","avatar_url":"https://avatars.githubusercontent.com/u/93040444?v=4","gravatar_id":"","url":"https://api.github.com/users/RahulMimani-2024","html_url":"https://github.com/RahulMimani-2024","followers_url":"https://api.github.com/users/RahulMimani-2024/followers","following_url":"https://api.github.com/users/RahulMimani-2024/following{/other_user}","gists_url":"https://api.github.com/users/RahulMimani-2024/gists{/gist_id}","starred_url":"https://api.github.com/users/RahulMimani-2024/starred{/owner}{/repo}","subscriptions_url":"https://api.github.com/users/RahulMimani-2024/subscriptions","organizations_url":"https://api.github.com/users/RahulMimani-2024/orgs","repos_url":"https://api.github.com/users/RahulMimani-2024/repos","events_url":"https://api.github.com/users/RahulMimani-2024/events{/privacy}","received_events_url":"https://api.github.com/users/RahulMimani-2024/received_events","type":"User","site_admin":false,"name":"Rahul Mimani","company":null,"blog":"","location":null,"email":null,"hireable":null,"bio":null,"twitter_username":null,"public_repos":6,"public_gists":0,"followers":0,"following":1,"created_at":"2021-10-23T12:44:14Z","updated_at":"2022-05-20T11:21:24Z","private_gists":0,"total_private_repos":0,"owned_private_repos":0,"disk_usage":1936,"collaborators":0,"two_factor_authentication":false,"plan":{"name":"free","space":976562499,"collaborators":0,"private_repos":10000}}
[info] 
[info] +  Success! Logged into GitHub as RahulMimani-2024 
[info] 
